Added Component: Designator=C1(CN1)
Added Component: Designator=C2(CN1)
Added Component: Designator=C3(CN1)
Added Component: Designator=IC?(DIP40/W0.6)
Added Component: Designator=IC?(QTO-220)
Added Component: Designator=JP1(HED2)
Added Component: Designator=LED?(LED-3)
Added Component: Designator=P1(HDR1X6)
Added Component: Designator=P?(HDR1X4)
Added Component: Designator=Q1(QTO-220)
Added Component: Designator=R1(R1/4W)
Added Component: Designator=R2(R1/4W)
Added Component: Designator=R?(R1/4W)
Added Component: Designator=SW1(SW2)
Added Component: Designator=X1(XT2)
Added Pin To Net: NetName=+5 Pin=C1-2
Added Pin To Net: NetName=+5 Pin=IC?-3
Added Pin To Net: NetName=+5 Pin=JP1-1
Added Pin To Net: NetName=+5 Pin=P1-2
Added Pin To Net: NetName=+5 Pin=P?-2
Added Pin To Net: NetName=+5 Pin=R1-2
Added Pin To Net: NetName=+5 Pin=R?-2
Added Net: Name=+5
Added Pin To Net: NetName=+12 Pin=IC?-1
Added Pin To Net: NetName=+12 Pin=P1-6
Added Net: Name=+12
Added Pin To Net: NetName=GND Pin=C1-1
Added Pin To Net: NetName=GND Pin=C2-1
Added Pin To Net: NetName=GND Pin=C3-1
Added Pin To Net: NetName=GND Pin=IC?-2
Added Pin To Net: NetName=GND Pin=JP1-2
Added Pin To Net: NetName=GND Pin=LED?-2
Added Pin To Net: NetName=GND Pin=P1-5
Added Pin To Net: NetName=GND Pin=P?-1
Added Pin To Net: NetName=GND Pin=Q1-3
Added Pin To Net: NetName=GND Pin=SW1-2
Added Net: Name=GND
Added Pin To Net: NetName=NetC2_2 Pin=C2-2
Added Pin To Net: NetName=NetC2_2 Pin=X1-1
Added Net: Name=NetC2_2
Added Pin To Net: NetName=NetC3_2 Pin=C3-2
Added Pin To Net: NetName=NetC3_2 Pin=X1-2
Added Net: Name=NetC3_2
Added Pin To Net: NetName=NetIC?_9 Pin=R1-1
Added Pin To Net: NetName=NetIC?_9 Pin=SW1-1
Added Net: Name=NetIC?_9
Added Pin To Net: NetName=NetIC?_15 Pin=P1-4
Added Net: Name=NetIC?_15
Added Pin To Net: NetName=NetIC?_16 Pin=P1-3
Added Net: Name=NetIC?_16
Added Pin To Net: NetName=NetIC?_17 Pin=R2-2
Added Net: Name=NetIC?_17
Added Pin To Net: NetName=NetIC?_22 Pin=P?-3
Added Net: Name=NetIC?_22
Added Pin To Net: NetName=NetIC?_23 Pin=P?-4
Added Net: Name=NetIC?_23
Added Pin To Net: NetName=NetLED?_1 Pin=LED?-1
Added Pin To Net: NetName=NetLED?_1 Pin=R?-1
Added Net: Name=NetLED?_1
Added Pin To Net: NetName=NetP1_1 Pin=P1-1
Added Pin To Net: NetName=NetP1_1 Pin=Q1-2
Added Net: Name=NetP1_1
Added Pin To Net: NetName=NetQ1_1 Pin=Q1-1
Added Pin To Net: NetName=NetQ1_1 Pin=R2-1
Added Net: Name=NetQ1_1
Added Class: Name=Sheet1
Added Room: Name=Sheet1
